2024-02-29 20:25:52,084 INFO    StreamThr :14912 [internal.py:wandb_internal():87] W&B internal server running at pid: 14912, started at: 2024-02-29 20:25:52.084326
2024-02-29 20:25:52,085 DEBUG   HandlerThread:14912 [handler.py:handle_request():144] handle_request: status
2024-02-29 20:25:52,097 INFO    WriterThread:14912 [datastore.py:open_for_write():85] open: D:\Study\BP\wandb\run-20240229_202552-1hdrzefv\run-1hdrzefv.wandb
2024-02-29 20:25:52,098 DEBUG   SenderThread:14912 [sender.py:send():336] send: header
2024-02-29 20:25:52,134 DEBUG   SenderThread:14912 [sender.py:send():336] send: run
2024-02-29 20:25:52,547 INFO    SenderThread:14912 [dir_watcher.py:__init__():219] watching files in: D:\Study\BP\wandb\run-20240229_202552-1hdrzefv\files
2024-02-29 20:25:52,547 INFO    SenderThread:14912 [sender.py:_start_run_threads():1078] run started: 1hdrzefv with start time 1709234752.087871
2024-02-29 20:25:52,547 DEBUG   SenderThread:14912 [sender.py:send_request():363] send_request: summary_record
2024-02-29 20:25:52,548 INFO    SenderThread:14912 [sender.py:_save_file():1332] saving file wandb-summary.json with policy end
2024-02-29 20:25:52,554 DEBUG   HandlerThread:14912 [handler.py:handle_request():144] handle_request: check_version
2024-02-29 20:25:52,554 DEBUG   SenderThread:14912 [sender.py:send_request():363] send_request: check_version
2024-02-29 20:25:52,596 DEBUG   HandlerThread:14912 [handler.py:handle_request():144] handle_request: run_start
2024-02-29 20:25:52,620 DEBUG   HandlerThread:14912 [system_info.py:__init__():31] System info init
2024-02-29 20:25:52,620 DEBUG   HandlerThread:14912 [system_info.py:__init__():46] System info init done
2024-02-29 20:25:52,620 INFO    HandlerThread:14912 [system_monitor.py:start():183] Starting system monitor
2024-02-29 20:25:52,620 INFO    SystemMonitor:14912 [system_monitor.py:_start():147] Starting system asset monitoring threads
2024-02-29 20:25:52,620 INFO    HandlerThread:14912 [system_monitor.py:probe():204] Collecting system info
2024-02-29 20:25:52,625 INFO    SystemMonitor:14912 [interfaces.py:start():187] Started cpu monitoring
2024-02-29 20:25:52,625 INFO    SystemMonitor:14912 [interfaces.py:start():187] Started disk monitoring
2024-02-29 20:25:52,626 INFO    SystemMonitor:14912 [interfaces.py:start():187] Started gpu monitoring
2024-02-29 20:25:52,633 INFO    SystemMonitor:14912 [interfaces.py:start():187] Started memory monitoring
2024-02-29 20:25:52,645 INFO    SystemMonitor:14912 [interfaces.py:start():187] Started network monitoring
2024-02-29 20:25:52,648 DEBUG   HandlerThread:14912 [system_info.py:probe():195] Probing system
2024-02-29 20:25:52,651 DEBUG   HandlerThread:14912 [system_info.py:_probe_git():180] Probing git
2024-02-29 20:25:52,717 DEBUG   HandlerThread:14912 [system_info.py:_probe_git():188] Probing git done
2024-02-29 20:25:52,717 DEBUG   HandlerThread:14912 [system_info.py:probe():240] Probing system done
2024-02-29 20:25:52,717 DEBUG   HandlerThread:14912 [system_monitor.py:probe():213] {'os': 'Windows-10-10.0.22631-SP0', 'python': '3.9.12', 'heartbeatAt': '2024-02-29T19:25:52.648920', 'startedAt': '2024-02-29T19:25:52.058439', 'docker': None, 'cuda': None, 'args': (), 'state': 'running', 'program': 'D:\\Study\\BP\\scripts\\sweep_training.py', 'codePath': 'scripts\\sweep_training.py', 'git': {'remote': 'https://github.com/FIIT-Bc-projects/2023-Kokin-Differential-Privacy.git', 'commit': '29c109dce8369e0a80636131c244b4bfaf3b5d02'}, 'email': 'xkokin@stuba.sk', 'root': 'D:/Study/BP', 'host': 'McLovin', 'username': 'glebk', 'executable': 'D:\\Study\\BP\\venv\\Scripts\\python.exe', 'cpu_count': 8, 'cpu_count_logical': 16, 'cpu_freq': {'current': 2555.0, 'min': 0.0, 'max': 3201.0}, 'cpu_freq_per_core': [{'current': 2555.0, 'min': 0.0, 'max': 3201.0}], 'disk': {'total': 781.2499961853027, 'used': 216.02383422851562}, 'gpu': 'NVIDIA GeForce RTX 3060 Laptop GPU', 'gpu_count': 1, 'gpu_devices': [{'name': 'NVIDIA GeForce RTX 3060 Laptop GPU', 'memory_total': 6442450944}], 'memory': {'total': 31.351802825927734}}
2024-02-29 20:25:52,717 INFO    HandlerThread:14912 [system_monitor.py:probe():214] Finished collecting system info
2024-02-29 20:25:52,717 INFO    HandlerThread:14912 [system_monitor.py:probe():217] Publishing system info
2024-02-29 20:25:52,717 DEBUG   HandlerThread:14912 [system_info.py:_save_pip():51] Saving list of pip packages installed into the current environment
2024-02-29 20:25:52,718 DEBUG   HandlerThread:14912 [system_info.py:_save_pip():67] Saving pip packages done
2024-02-29 20:25:52,718 INFO    HandlerThread:14912 [system_monitor.py:probe():219] Finished publishing system info
2024-02-29 20:25:52,726 DEBUG   SenderThread:14912 [sender.py:send():336] send: files
2024-02-29 20:25:52,726 INFO    SenderThread:14912 [sender.py:_save_file():1332] saving file wandb-metadata.json with policy now
2024-02-29 20:25:52,734 DEBUG   HandlerThread:14912 [handler.py:handle_request():144] handle_request: stop_status
2024-02-29 20:25:52,734 DEBUG   SenderThread:14912 [sender.py:send_request():363] send_request: stop_status
2024-02-29 20:25:53,012 DEBUG   SenderThread:14912 [sender.py:send():336] send: telemetry
2024-02-29 20:25:53,310 INFO    wandb-upload_0:14912 [upload_job.py:push():138] Uploaded file C:\Users\glebk\AppData\Local\Temp\tmpx8dacrcwwandb\cqm2gsnl-wandb-metadata.json
2024-02-29 20:25:53,549 INFO    Thread-17 :14912 [dir_watcher.py:_on_file_created():278] file/dir created: D:\Study\BP\wandb\run-20240229_202552-1hdrzefv\files\wandb-metadata.json
2024-02-29 20:25:53,549 INFO    Thread-17 :14912 [dir_watcher.py:_on_file_created():278] file/dir created: D:\Study\BP\wandb\run-20240229_202552-1hdrzefv\files\wandb-summary.json
2024-02-29 20:25:53,549 INFO    Thread-17 :14912 [dir_watcher.py:_on_file_created():278] file/dir created: D:\Study\BP\wandb\run-20240229_202552-1hdrzefv\files\requirements.txt
2024-02-29 20:25:56,579 INFO    Thread-17 :14912 [dir_watcher.py:_on_file_created():278] file/dir created: D:\Study\BP\wandb\run-20240229_202552-1hdrzefv\files\output.log
2024-02-29 20:25:57,154 DEBUG   HandlerThread:14912 [handler.py:handle_request():144] handle_request: status_report
2024-02-29 20:25:58,596 INFO    Thread-17 :14912 [dir_watcher.py:_on_file_modified():295] file/dir modified: D:\Study\BP\wandb\run-20240229_202552-1hdrzefv\files\output.log
2024-02-29 20:26:00,616 INFO    Thread-17 :14912 [dir_watcher.py:_on_file_modified():295] file/dir modified: D:\Study\BP\wandb\run-20240229_202552-1hdrzefv\files\output.log
2024-02-29 20:26:02,187 DEBUG   HandlerThread:14912 [handler.py:handle_request():144] handle_request: status_report
2024-02-29 20:26:02,628 INFO    Thread-17 :14912 [dir_watcher.py:_on_file_modified():295] file/dir modified: D:\Study\BP\wandb\run-20240229_202552-1hdrzefv\files\output.log
2024-02-29 20:26:04,648 INFO    Thread-17 :14912 [dir_watcher.py:_on_file_modified():295] file/dir modified: D:\Study\BP\wandb\run-20240229_202552-1hdrzefv\files\output.log
2024-02-29 20:26:06,664 INFO    Thread-17 :14912 [dir_watcher.py:_on_file_modified():295] file/dir modified: D:\Study\BP\wandb\run-20240229_202552-1hdrzefv\files\output.log
2024-02-29 20:26:07,236 DEBUG   HandlerThread:14912 [handler.py:handle_request():144] handle_request: status_report
2024-02-29 20:26:07,737 DEBUG   HandlerThread:14912 [handler.py:handle_request():144] handle_request: stop_status
2024-02-29 20:26:07,738 DEBUG   SenderThread:14912 [sender.py:send_request():363] send_request: stop_status
2024-02-29 20:26:08,685 INFO    Thread-17 :14912 [dir_watcher.py:_on_file_modified():295] file/dir modified: D:\Study\BP\wandb\run-20240229_202552-1hdrzefv\files\output.log
2024-02-29 20:26:10,701 INFO    Thread-17 :14912 [dir_watcher.py:_on_file_modified():295] file/dir modified: D:\Study\BP\wandb\run-20240229_202552-1hdrzefv\files\output.log
2024-02-29 20:26:12,754 DEBUG   HandlerThread:14912 [handler.py:handle_request():144] handle_request: status_report
2024-02-29 20:26:14,737 INFO    Thread-17 :14912 [dir_watcher.py:_on_file_modified():295] file/dir modified: D:\Study\BP\wandb\run-20240229_202552-1hdrzefv\files\output.log
2024-02-29 20:26:16,760 INFO    Thread-17 :14912 [dir_watcher.py:_on_file_modified():295] file/dir modified: D:\Study\BP\wandb\run-20240229_202552-1hdrzefv\files\output.log
2024-02-29 20:26:17,769 DEBUG   HandlerThread:14912 [handler.py:handle_request():144] handle_request: status_report
2024-02-29 20:26:18,776 INFO    Thread-17 :14912 [dir_watcher.py:_on_file_modified():295] file/dir modified: D:\Study\BP\wandb\run-20240229_202552-1hdrzefv\files\output.log
2024-02-29 20:26:20,790 INFO    Thread-17 :14912 [dir_watcher.py:_on_file_modified():295] file/dir modified: D:\Study\BP\wandb\run-20240229_202552-1hdrzefv\files\output.log
2024-02-29 20:26:22,737 DEBUG   HandlerThread:14912 [handler.py:handle_request():144] handle_request: stop_status
2024-02-29 20:26:22,738 DEBUG   SenderThread:14912 [sender.py:send_request():363] send_request: stop_status
2024-02-29 20:26:22,815 INFO    Thread-17 :14912 [dir_watcher.py:_on_file_modified():295] file/dir modified: D:\Study\BP\wandb\run-20240229_202552-1hdrzefv\files\output.log
2024-02-29 20:26:22,993 DEBUG   HandlerThread:14912 [handler.py:handle_request():144] handle_request: status_report
2024-02-29 20:26:23,829 INFO    Thread-17 :14912 [dir_watcher.py:_on_file_modified():295] file/dir modified: D:\Study\BP\wandb\run-20240229_202552-1hdrzefv\files\config.yaml
2024-02-29 20:26:24,846 INFO    Thread-17 :14912 [dir_watcher.py:_on_file_modified():295] file/dir modified: D:\Study\BP\wandb\run-20240229_202552-1hdrzefv\files\output.log
2024-02-29 20:26:28,254 DEBUG   HandlerThread:14912 [handler.py:handle_request():144] handle_request: status_report
2024-02-29 20:26:28,891 INFO    Thread-17 :14912 [dir_watcher.py:_on_file_modified():295] file/dir modified: D:\Study\BP\wandb\run-20240229_202552-1hdrzefv\files\output.log
2024-02-29 20:26:30,916 INFO    Thread-17 :14912 [dir_watcher.py:_on_file_modified():295] file/dir modified: D:\Study\BP\wandb\run-20240229_202552-1hdrzefv\files\output.log
2024-02-29 20:26:32,944 INFO    Thread-17 :14912 [dir_watcher.py:_on_file_modified():295] file/dir modified: D:\Study\BP\wandb\run-20240229_202552-1hdrzefv\files\output.log
2024-02-29 20:26:33,262 DEBUG   HandlerThread:14912 [handler.py:handle_request():144] handle_request: status_report
2024-02-29 20:26:34,979 INFO    Thread-17 :14912 [dir_watcher.py:_on_file_modified():295] file/dir modified: D:\Study\BP\wandb\run-20240229_202552-1hdrzefv\files\output.log
2024-02-29 20:26:37,006 INFO    Thread-17 :14912 [dir_watcher.py:_on_file_modified():295] file/dir modified: D:\Study\BP\wandb\run-20240229_202552-1hdrzefv\files\output.log
2024-02-29 20:26:37,756 DEBUG   HandlerThread:14912 [handler.py:handle_request():144] handle_request: stop_status
2024-02-29 20:26:37,756 DEBUG   SenderThread:14912 [sender.py:send_request():363] send_request: stop_status
2024-02-29 20:26:39,020 INFO    Thread-17 :14912 [dir_watcher.py:_on_file_modified():295] file/dir modified: D:\Study\BP\wandb\run-20240229_202552-1hdrzefv\files\output.log
2024-02-29 20:26:42,814 DEBUG   HandlerThread:14912 [handler.py:handle_request():144] handle_request: keepalive
2024-02-29 20:26:47,844 DEBUG   HandlerThread:14912 [handler.py:handle_request():144] handle_request: keepalive
2024-02-29 20:26:52,657 DEBUG   SystemMonitor:14912 [system_monitor.py:_start():161] Starting system metrics aggregation loop
2024-02-29 20:26:57,959 DEBUG   HandlerThread:14912 [handler.py:handle_request():144] handle_request: keepalive
2024-02-29 20:27:03,013 DEBUG   HandlerThread:14912 [handler.py:handle_request():144] handle_request: keepalive
2024-02-29 20:27:08,056 DEBUG   HandlerThread:14912 [handler.py:handle_request():144] handle_request: keepalive
2024-02-29 20:27:11,488 INFO    SenderThread:14912 [retry.py:__call__():172] Retry attempt failed:
Traceback (most recent call last):
  File "D:\Study\BP\venv\lib\site-packages\urllib3\connectionpool.py", line 537, in _make_request
    response = conn.getresponse()
  File "D:\Study\BP\venv\lib\site-packages\urllib3\connection.py", line 466, in getresponse
    httplib_response = super().getresponse()
  File "D:\IT\Python\Python3912\lib\http\client.py", line 1377, in getresponse
    response.begin()
  File "D:\IT\Python\Python3912\lib\http\client.py", line 320, in begin
    version, status, reason = self._read_status()
  File "D:\IT\Python\Python3912\lib\http\client.py", line 281, in _read_status
    line = str(self.fp.readline(_MAXLINE + 1), "iso-8859-1")
  File "D:\IT\Python\Python3912\lib\socket.py", line 704, in readinto
    return self._sock.recv_into(b)
  File "D:\IT\Python\Python3912\lib\ssl.py", line 1241, in recv_into
    return self.read(nbytes, buffer)
  File "D:\IT\Python\Python3912\lib\ssl.py", line 1099, in read
    return self._sslobj.read(len, buffer)
socket.timeout: The read operation timed out

The above exception was the direct cause of the following exception:

Traceback (most recent call last):
  File "D:\Study\BP\venv\lib\site-packages\requests\adapters.py", line 486, in send
    resp = conn.urlopen(
  File "D:\Study\BP\venv\lib\site-packages\urllib3\connectionpool.py", line 847, in urlopen
    retries = retries.increment(
  File "D:\Study\BP\venv\lib\site-packages\urllib3\util\retry.py", line 470, in increment
    raise reraise(type(error), error, _stacktrace)
  File "D:\Study\BP\venv\lib\site-packages\urllib3\util\util.py", line 39, in reraise
    raise value
  File "D:\Study\BP\venv\lib\site-packages\urllib3\connectionpool.py", line 793, in urlopen
    response = self._make_request(
  File "D:\Study\BP\venv\lib\site-packages\urllib3\connectionpool.py", line 539, in _make_request
    self._raise_timeout(err=e, url=url, timeout_value=read_timeout)
  File "D:\Study\BP\venv\lib\site-packages\urllib3\connectionpool.py", line 370, in _raise_timeout
    raise ReadTimeoutError(
urllib3.exceptions.ReadTimeoutError: HTTPSConnectionPool(host='api.wandb.ai', port=443): Read timed out. (read timeout=10)

During handling of the above exception, another exception occurred:

Traceback (most recent call last):
  File "D:\Study\BP\venv\lib\site-packages\wandb\sdk\lib\retry.py", line 131, in __call__
    result = self._call_fn(*args, **kwargs)
  File "D:\Study\BP\venv\lib\site-packages\wandb\sdk\internal\internal_api.py", line 243, in execute
    return self.client.execute(*args, **kwargs)  # type: ignore
  File "D:\Study\BP\venv\lib\site-packages\wandb\vendor\gql-0.2.0\wandb_gql\client.py", line 52, in execute
    result = self._get_result(document, *args, **kwargs)
  File "D:\Study\BP\venv\lib\site-packages\wandb\vendor\gql-0.2.0\wandb_gql\client.py", line 60, in _get_result
    return self.transport.execute(document, *args, **kwargs)
  File "D:\Study\BP\venv\lib\site-packages\wandb\vendor\gql-0.2.0\wandb_gql\transport\requests.py", line 38, in execute
    request = requests.post(self.url, **post_args)
  File "D:\Study\BP\venv\lib\site-packages\requests\api.py", line 115, in post
    return request("post", url, data=data, json=json, **kwargs)
  File "D:\Study\BP\venv\lib\site-packages\requests\api.py", line 59, in request
    return session.request(method=method, url=url, **kwargs)
  File "D:\Study\BP\venv\lib\site-packages\requests\sessions.py", line 589, in request
    resp = self.send(prep, **send_kwargs)
  File "D:\Study\BP\venv\lib\site-packages\requests\sessions.py", line 703, in send
    r = adapter.send(request, **kwargs)
  File "D:\Study\BP\venv\lib\site-packages\requests\adapters.py", line 532, in send
    raise ReadTimeout(e, request=request)
requests.exceptions.ReadTimeout: HTTPSConnectionPool(host='api.wandb.ai', port=443): Read timed out. (read timeout=10)
2024-02-29 20:27:13,099 DEBUG   HandlerThread:14912 [handler.py:handle_request():144] handle_request: keepalive
2024-02-29 20:27:18,147 DEBUG   HandlerThread:14912 [handler.py:handle_request():144] handle_request: keepalive
2024-02-29 20:27:19,509 DEBUG   SenderThread:14912 [sender.py:send():336] send: stats
2024-02-29 20:27:19,509 DEBUG   HandlerThread:14912 [handler.py:handle_request():144] handle_request: status_report
2024-02-29 20:27:20,436 INFO    Thread-17 :14912 [dir_watcher.py:_on_file_modified():295] file/dir modified: D:\Study\BP\wandb\run-20240229_202552-1hdrzefv\files\output.log
2024-02-29 20:27:21,554 DEBUG   HandlerThread:14912 [handler.py:handle_request():144] handle_request: partial_history
2024-02-29 20:27:21,555 DEBUG   HandlerThread:14912 [handler.py:handle_request():144] handle_request: partial_history
2024-02-29 20:27:21,556 DEBUG   HandlerThread:14912 [handler.py:handle_request():144] handle_request: partial_history
2024-02-29 20:27:21,556 DEBUG   SenderThread:14912 [sender.py:send():336] send: history
2024-02-29 20:27:21,556 DEBUG   HandlerThread:14912 [handler.py:handle_request():144] handle_request: partial_history
2024-02-29 20:27:21,557 DEBUG   SenderThread:14912 [sender.py:send_request():363] send_request: summary_record
2024-02-29 20:27:21,557 DEBUG   HandlerThread:14912 [handler.py:handle_request():144] handle_request: partial_history
2024-02-29 20:27:21,558 DEBUG   HandlerThread:14912 [handler.py:handle_request():144] handle_request: partial_history
2024-02-29 20:27:21,559 INFO    SenderThread:14912 [sender.py:_save_file():1332] saving file wandb-summary.json with policy end
2024-02-29 20:27:21,559 DEBUG   SenderThread:14912 [sender.py:send():336] send: history
2024-02-29 20:27:21,559 DEBUG   SenderThread:14912 [sender.py:send_request():363] send_request: summary_record
2024-02-29 20:27:21,561 INFO    SenderThread:14912 [sender.py:_save_file():1332] saving file wandb-summary.json with policy end
2024-02-29 20:27:21,561 DEBUG   SenderThread:14912 [sender.py:send():336] send: history
2024-02-29 20:27:21,561 DEBUG   SenderThread:14912 [sender.py:send_request():363] send_request: summary_record
2024-02-29 20:27:21,561 INFO    SenderThread:14912 [sender.py:_save_file():1332] saving file wandb-summary.json with policy end
2024-02-29 20:27:21,562 DEBUG   SenderThread:14912 [sender.py:send():336] send: history
2024-02-29 20:27:21,562 DEBUG   SenderThread:14912 [sender.py:send_request():363] send_request: summary_record
2024-02-29 20:27:21,562 INFO    SenderThread:14912 [sender.py:_save_file():1332] saving file wandb-summary.json with policy end
2024-02-29 20:27:21,562 DEBUG   SenderThread:14912 [sender.py:send():336] send: history
2024-02-29 20:27:21,562 DEBUG   SenderThread:14912 [sender.py:send_request():363] send_request: summary_record
2024-02-29 20:27:21,564 INFO    SenderThread:14912 [sender.py:_save_file():1332] saving file wandb-summary.json with policy end
2024-02-29 20:27:21,564 DEBUG   SenderThread:14912 [sender.py:send():336] send: history
2024-02-29 20:27:21,564 DEBUG   SenderThread:14912 [sender.py:send_request():363] send_request: summary_record
2024-02-29 20:27:21,564 INFO    SenderThread:14912 [sender.py:_save_file():1332] saving file wandb-summary.json with policy end
2024-02-29 20:27:21,565 DEBUG   SenderThread:14912 [sender.py:send():336] send: telemetry
2024-02-29 20:27:21,565 DEBUG   SenderThread:14912 [sender.py:send():336] send: exit
2024-02-29 20:27:21,565 INFO    SenderThread:14912 [sender.py:send_exit():559] handling exit code: 0
2024-02-29 20:27:21,565 INFO    SenderThread:14912 [sender.py:send_exit():561] handling runtime: 88
2024-02-29 20:27:21,565 INFO    SenderThread:14912 [sender.py:_save_file():1332] saving file wandb-summary.json with policy end
2024-02-29 20:27:21,565 INFO    SenderThread:14912 [sender.py:send_exit():567] send defer
2024-02-29 20:27:21,565 DEBUG   HandlerThread:14912 [handler.py:handle_request():144] handle_request: defer
2024-02-29 20:27:21,566 INFO    HandlerThread:14912 [handler.py:handle_request_defer():170] handle defer: 0
2024-02-29 20:27:21,566 DEBUG   SenderThread:14912 [sender.py:send_request():363] send_request: defer
2024-02-29 20:27:21,566 INFO    SenderThread:14912 [sender.py:send_request_defer():583] handle sender defer: 0
2024-02-29 20:27:21,566 INFO    SenderThread:14912 [sender.py:transition_state():587] send defer: 1
2024-02-29 20:27:21,566 DEBUG   HandlerThread:14912 [handler.py:handle_request():144] handle_request: defer
2024-02-29 20:27:21,566 INFO    HandlerThread:14912 [handler.py:handle_request_defer():170] handle defer: 1
2024-02-29 20:27:21,566 DEBUG   SenderThread:14912 [sender.py:send_request():363] send_request: defer
2024-02-29 20:27:21,566 INFO    SenderThread:14912 [sender.py:send_request_defer():583] handle sender defer: 1
2024-02-29 20:27:21,566 INFO    SenderThread:14912 [sender.py:transition_state():587] send defer: 2
2024-02-29 20:27:21,567 DEBUG   HandlerThread:14912 [handler.py:handle_request():144] handle_request: defer
2024-02-29 20:27:21,567 INFO    HandlerThread:14912 [handler.py:handle_request_defer():170] handle defer: 2
2024-02-29 20:27:21,567 INFO    HandlerThread:14912 [system_monitor.py:finish():193] Stopping system monitor
2024-02-29 20:27:21,567 DEBUG   SystemMonitor:14912 [system_monitor.py:_start():168] Finished system metrics aggregation loop
2024-02-29 20:27:21,567 DEBUG   SystemMonitor:14912 [system_monitor.py:_start():172] Publishing last batch of metrics
2024-02-29 20:27:21,574 INFO    HandlerThread:14912 [interfaces.py:finish():199] Joined cpu monitor
2024-02-29 20:27:21,574 INFO    HandlerThread:14912 [interfaces.py:finish():199] Joined disk monitor
2024-02-29 20:27:21,610 INFO    HandlerThread:14912 [interfaces.py:finish():199] Joined gpu monitor
2024-02-29 20:27:21,611 INFO    HandlerThread:14912 [interfaces.py:finish():199] Joined memory monitor
2024-02-29 20:27:21,611 INFO    HandlerThread:14912 [interfaces.py:finish():199] Joined network monitor
2024-02-29 20:27:21,611 DEBUG   SenderThread:14912 [sender.py:send_request():363] send_request: defer
2024-02-29 20:27:21,611 INFO    SenderThread:14912 [sender.py:send_request_defer():583] handle sender defer: 2
2024-02-29 20:27:21,611 INFO    SenderThread:14912 [sender.py:transition_state():587] send defer: 3
2024-02-29 20:27:21,611 DEBUG   SenderThread:14912 [sender.py:send():336] send: stats
2024-02-29 20:27:21,611 DEBUG   HandlerThread:14912 [handler.py:handle_request():144] handle_request: defer
2024-02-29 20:27:21,612 INFO    HandlerThread:14912 [handler.py:handle_request_defer():170] handle defer: 3
2024-02-29 20:27:21,612 DEBUG   SenderThread:14912 [sender.py:send_request():363] send_request: defer
2024-02-29 20:27:21,612 INFO    SenderThread:14912 [sender.py:send_request_defer():583] handle sender defer: 3
2024-02-29 20:27:21,612 INFO    SenderThread:14912 [sender.py:transition_state():587] send defer: 4
2024-02-29 20:27:21,612 DEBUG   HandlerThread:14912 [handler.py:handle_request():144] handle_request: defer
2024-02-29 20:27:21,612 INFO    HandlerThread:14912 [handler.py:handle_request_defer():170] handle defer: 4
2024-02-29 20:27:21,612 DEBUG   SenderThread:14912 [sender.py:send_request():363] send_request: defer
2024-02-29 20:27:21,612 INFO    SenderThread:14912 [sender.py:send_request_defer():583] handle sender defer: 4
2024-02-29 20:27:21,612 INFO    SenderThread:14912 [sender.py:transition_state():587] send defer: 5
2024-02-29 20:27:21,612 DEBUG   HandlerThread:14912 [handler.py:handle_request():144] handle_request: defer
2024-02-29 20:27:21,612 INFO    HandlerThread:14912 [handler.py:handle_request_defer():170] handle defer: 5
2024-02-29 20:27:21,613 DEBUG   SenderThread:14912 [sender.py:send():336] send: summary
2024-02-29 20:27:21,613 INFO    SenderThread:14912 [sender.py:_save_file():1332] saving file wandb-summary.json with policy end
2024-02-29 20:27:21,613 DEBUG   SenderThread:14912 [sender.py:send_request():363] send_request: defer
2024-02-29 20:27:21,613 INFO    SenderThread:14912 [sender.py:send_request_defer():583] handle sender defer: 5
2024-02-29 20:27:21,613 INFO    SenderThread:14912 [sender.py:transition_state():587] send defer: 6
2024-02-29 20:27:21,613 DEBUG   HandlerThread:14912 [handler.py:handle_request():144] handle_request: defer
2024-02-29 20:27:21,613 INFO    HandlerThread:14912 [handler.py:handle_request_defer():170] handle defer: 6
2024-02-29 20:27:21,613 DEBUG   SenderThread:14912 [sender.py:send_request():363] send_request: defer
2024-02-29 20:27:21,613 INFO    SenderThread:14912 [sender.py:send_request_defer():583] handle sender defer: 6
2024-02-29 20:27:21,615 DEBUG   HandlerThread:14912 [handler.py:handle_request():144] handle_request: status_report
2024-02-29 20:27:22,451 INFO    Thread-17 :14912 [dir_watcher.py:_on_file_modified():295] file/dir modified: D:\Study\BP\wandb\run-20240229_202552-1hdrzefv\files\output.log
2024-02-29 20:27:22,452 INFO    Thread-17 :14912 [dir_watcher.py:_on_file_modified():295] file/dir modified: D:\Study\BP\wandb\run-20240229_202552-1hdrzefv\files\wandb-summary.json
2024-02-29 20:27:22,575 DEBUG   HandlerThread:14912 [handler.py:handle_request():144] handle_request: poll_exit
2024-02-29 20:27:22,590 INFO    SenderThread:14912 [sender.py:transition_state():587] send defer: 7
2024-02-29 20:27:22,591 DEBUG   SenderThread:14912 [sender.py:send_request():363] send_request: poll_exit
2024-02-29 20:27:22,591 DEBUG   HandlerThread:14912 [handler.py:handle_request():144] handle_request: defer
2024-02-29 20:27:22,591 INFO    HandlerThread:14912 [handler.py:handle_request_defer():170] handle defer: 7
2024-02-29 20:27:22,591 DEBUG   SenderThread:14912 [sender.py:send_request():363] send_request: defer
2024-02-29 20:27:22,591 INFO    SenderThread:14912 [sender.py:send_request_defer():583] handle sender defer: 7
2024-02-29 20:27:23,465 INFO    Thread-17 :14912 [dir_watcher.py:_on_file_modified():295] file/dir modified: D:\Study\BP\wandb\run-20240229_202552-1hdrzefv\files\config.yaml
2024-02-29 20:27:23,588 DEBUG   HandlerThread:14912 [handler.py:handle_request():144] handle_request: poll_exit
2024-02-29 20:27:24,454 INFO    SenderThread:14912 [sender.py:transition_state():587] send defer: 8
2024-02-29 20:27:24,454 DEBUG   SenderThread:14912 [sender.py:send_request():363] send_request: poll_exit
2024-02-29 20:27:24,455 DEBUG   HandlerThread:14912 [handler.py:handle_request():144] handle_request: defer
2024-02-29 20:27:24,455 INFO    HandlerThread:14912 [handler.py:handle_request_defer():170] handle defer: 8
2024-02-29 20:27:24,455 DEBUG   SenderThread:14912 [sender.py:send_request():363] send_request: defer
2024-02-29 20:27:24,455 INFO    SenderThread:14912 [sender.py:send_request_defer():583] handle sender defer: 8
2024-02-29 20:27:24,455 INFO    SenderThread:14912 [sender.py:transition_state():587] send defer: 9
2024-02-29 20:27:24,455 DEBUG   HandlerThread:14912 [handler.py:handle_request():144] handle_request: defer
2024-02-29 20:27:24,455 INFO    HandlerThread:14912 [handler.py:handle_request_defer():170] handle defer: 9
2024-02-29 20:27:24,455 DEBUG   SenderThread:14912 [sender.py:send_request():363] send_request: defer
2024-02-29 20:27:24,455 INFO    SenderThread:14912 [sender.py:send_request_defer():583] handle sender defer: 9
2024-02-29 20:27:24,455 INFO    SenderThread:14912 [dir_watcher.py:finish():365] shutting down directory watcher
2024-02-29 20:27:24,471 INFO    SenderThread:14912 [dir_watcher.py:_on_file_modified():295] file/dir modified: D:\Study\BP\wandb\run-20240229_202552-1hdrzefv\files\output.log
2024-02-29 20:27:24,471 INFO    SenderThread:14912 [dir_watcher.py:finish():395] scan: D:\Study\BP\wandb\run-20240229_202552-1hdrzefv\files
2024-02-29 20:27:24,471 INFO    SenderThread:14912 [dir_watcher.py:finish():409] scan save: D:\Study\BP\wandb\run-20240229_202552-1hdrzefv\files\config.yaml config.yaml
2024-02-29 20:27:24,472 INFO    SenderThread:14912 [dir_watcher.py:finish():409] scan save: D:\Study\BP\wandb\run-20240229_202552-1hdrzefv\files\output.log output.log
2024-02-29 20:27:24,474 INFO    SenderThread:14912 [dir_watcher.py:finish():409] scan save: D:\Study\BP\wandb\run-20240229_202552-1hdrzefv\files\requirements.txt requirements.txt
2024-02-29 20:27:24,477 INFO    SenderThread:14912 [dir_watcher.py:finish():409] scan save: D:\Study\BP\wandb\run-20240229_202552-1hdrzefv\files\wandb-metadata.json wandb-metadata.json
2024-02-29 20:27:24,477 INFO    SenderThread:14912 [dir_watcher.py:finish():409] scan save: D:\Study\BP\wandb\run-20240229_202552-1hdrzefv\files\wandb-summary.json wandb-summary.json
2024-02-29 20:27:24,480 INFO    SenderThread:14912 [sender.py:transition_state():587] send defer: 10
2024-02-29 20:27:24,480 DEBUG   HandlerThread:14912 [handler.py:handle_request():144] handle_request: defer
2024-02-29 20:27:24,481 INFO    HandlerThread:14912 [handler.py:handle_request_defer():170] handle defer: 10
2024-02-29 20:27:24,482 DEBUG   SenderThread:14912 [sender.py:send_request():363] send_request: defer
2024-02-29 20:27:24,483 INFO    SenderThread:14912 [sender.py:send_request_defer():583] handle sender defer: 10
2024-02-29 20:27:24,483 INFO    SenderThread:14912 [file_pusher.py:finish():164] shutting down file pusher
2024-02-29 20:27:24,592 DEBUG   HandlerThread:14912 [handler.py:handle_request():144] handle_request: poll_exit
2024-02-29 20:27:24,592 DEBUG   SenderThread:14912 [sender.py:send_request():363] send_request: poll_exit
2024-02-29 20:27:25,026 INFO    wandb-upload_2:14912 [upload_job.py:push():138] Uploaded file D:\Study\BP\wandb\run-20240229_202552-1hdrzefv\files\requirements.txt
2024-02-29 20:27:25,090 INFO    wandb-upload_0:14912 [upload_job.py:push():138] Uploaded file D:\Study\BP\wandb\run-20240229_202552-1hdrzefv\files\config.yaml
2024-02-29 20:27:25,236 INFO    wandb-upload_3:14912 [upload_job.py:push():138] Uploaded file D:\Study\BP\wandb\run-20240229_202552-1hdrzefv\files\wandb-summary.json
2024-02-29 20:27:25,524 INFO    wandb-upload_1:14912 [upload_job.py:push():138] Uploaded file D:\Study\BP\wandb\run-20240229_202552-1hdrzefv\files\output.log
2024-02-29 20:27:25,600 DEBUG   HandlerThread:14912 [handler.py:handle_request():144] handle_request: poll_exit
2024-02-29 20:27:25,601 DEBUG   SenderThread:14912 [sender.py:send_request():363] send_request: poll_exit
2024-02-29 20:27:25,724 INFO    Thread-16 :14912 [sender.py:transition_state():587] send defer: 11
2024-02-29 20:27:25,724 DEBUG   HandlerThread:14912 [handler.py:handle_request():144] handle_request: defer
2024-02-29 20:27:25,724 INFO    HandlerThread:14912 [handler.py:handle_request_defer():170] handle defer: 11
2024-02-29 20:27:25,724 DEBUG   SenderThread:14912 [sender.py:send_request():363] send_request: defer
2024-02-29 20:27:25,724 INFO    SenderThread:14912 [sender.py:send_request_defer():583] handle sender defer: 11
2024-02-29 20:27:25,724 INFO    SenderThread:14912 [file_pusher.py:join():169] waiting for file pusher
2024-02-29 20:27:25,724 INFO    SenderThread:14912 [sender.py:transition_state():587] send defer: 12
2024-02-29 20:27:25,725 DEBUG   HandlerThread:14912 [handler.py:handle_request():144] handle_request: defer
2024-02-29 20:27:25,725 INFO    HandlerThread:14912 [handler.py:handle_request_defer():170] handle defer: 12
2024-02-29 20:27:25,725 DEBUG   SenderThread:14912 [sender.py:send_request():363] send_request: defer
2024-02-29 20:27:25,725 INFO    SenderThread:14912 [sender.py:send_request_defer():583] handle sender defer: 12
2024-02-29 20:27:25,917 INFO    SenderThread:14912 [sender.py:transition_state():587] send defer: 13
2024-02-29 20:27:25,917 DEBUG   HandlerThread:14912 [handler.py:handle_request():144] handle_request: defer
2024-02-29 20:27:25,917 INFO    HandlerThread:14912 [handler.py:handle_request_defer():170] handle defer: 13
2024-02-29 20:27:25,917 DEBUG   SenderThread:14912 [sender.py:send_request():363] send_request: defer
2024-02-29 20:27:25,917 INFO    SenderThread:14912 [sender.py:send_request_defer():583] handle sender defer: 13
2024-02-29 20:27:25,917 INFO    SenderThread:14912 [sender.py:transition_state():587] send defer: 14
2024-02-29 20:27:25,917 DEBUG   HandlerThread:14912 [handler.py:handle_request():144] handle_request: defer
2024-02-29 20:27:25,917 DEBUG   SenderThread:14912 [sender.py:send():336] send: final
2024-02-29 20:27:25,917 INFO    HandlerThread:14912 [handler.py:handle_request_defer():170] handle defer: 14
2024-02-29 20:27:25,917 DEBUG   SenderThread:14912 [sender.py:send():336] send: footer
2024-02-29 20:27:25,918 DEBUG   SenderThread:14912 [sender.py:send_request():363] send_request: defer
2024-02-29 20:27:25,918 INFO    SenderThread:14912 [sender.py:send_request_defer():583] handle sender defer: 14
2024-02-29 20:27:25,920 DEBUG   HandlerThread:14912 [handler.py:handle_request():144] handle_request: poll_exit
2024-02-29 20:27:25,920 DEBUG   HandlerThread:14912 [handler.py:handle_request():144] handle_request: server_info
2024-02-29 20:27:25,920 DEBUG   HandlerThread:14912 [handler.py:handle_request():144] handle_request: get_summary
2024-02-29 20:27:25,920 DEBUG   SenderThread:14912 [sender.py:send_request():363] send_request: poll_exit
2024-02-29 20:27:25,920 DEBUG   HandlerThread:14912 [handler.py:handle_request():144] handle_request: sampled_history
2024-02-29 20:27:25,920 DEBUG   SenderThread:14912 [sender.py:send_request():363] send_request: server_info
2024-02-29 20:27:26,303 DEBUG   HandlerThread:14912 [handler.py:handle_request():144] handle_request: shutdown
2024-02-29 20:27:26,303 INFO    HandlerThread:14912 [handler.py:finish():842] shutting down handler
2024-02-29 20:27:26,925 INFO    WriterThread:14912 [datastore.py:close():298] close: D:\Study\BP\wandb\run-20240229_202552-1hdrzefv\run-1hdrzefv.wandb
2024-02-29 20:27:27,313 INFO    SenderThread:14912 [sender.py:finish():1504] shutting down sender
2024-02-29 20:27:27,313 INFO    SenderThread:14912 [file_pusher.py:finish():164] shutting down file pusher
2024-02-29 20:27:27,313 INFO    SenderThread:14912 [file_pusher.py:join():169] waiting for file pusher
