2024-02-29 17:00:34,023 INFO    StreamThr :2856 [internal.py:wandb_internal():87] W&B internal server running at pid: 2856, started at: 2024-02-29 17:00:34.023566
2024-02-29 17:00:34,025 DEBUG   HandlerThread:2856 [handler.py:handle_request():144] handle_request: status
2024-02-29 17:00:34,032 INFO    WriterThread:2856 [datastore.py:open_for_write():85] open: D:\Study\BP\wandb\run-20240229_170033-x1rmcfa2\run-x1rmcfa2.wandb
2024-02-29 17:00:34,033 DEBUG   SenderThread:2856 [sender.py:send():336] send: header
2024-02-29 17:00:34,068 DEBUG   SenderThread:2856 [sender.py:send():336] send: run
2024-02-29 17:00:34,498 INFO    SenderThread:2856 [dir_watcher.py:__init__():219] watching files in: D:\Study\BP\wandb\run-20240229_170033-x1rmcfa2\files
2024-02-29 17:00:34,502 DEBUG   HandlerThread:2856 [handler.py:handle_request():144] handle_request: check_version
2024-02-29 17:00:34,509 INFO    SenderThread:2856 [sender.py:_start_run_threads():1078] run started: x1rmcfa2 with start time 1709222434.02643
2024-02-29 17:00:34,509 DEBUG   SenderThread:2856 [sender.py:send_request():363] send_request: summary_record
2024-02-29 17:00:34,510 INFO    SenderThread:2856 [sender.py:_save_file():1332] saving file wandb-summary.json with policy end
2024-02-29 17:00:34,510 DEBUG   SenderThread:2856 [sender.py:send_request():363] send_request: check_version
2024-02-29 17:00:34,567 DEBUG   HandlerThread:2856 [handler.py:handle_request():144] handle_request: run_start
2024-02-29 17:00:34,592 DEBUG   HandlerThread:2856 [system_info.py:__init__():31] System info init
2024-02-29 17:00:34,592 DEBUG   HandlerThread:2856 [system_info.py:__init__():46] System info init done
2024-02-29 17:00:34,592 INFO    HandlerThread:2856 [system_monitor.py:start():183] Starting system monitor
2024-02-29 17:00:34,592 INFO    SystemMonitor:2856 [system_monitor.py:_start():147] Starting system asset monitoring threads
2024-02-29 17:00:34,592 INFO    HandlerThread:2856 [system_monitor.py:probe():204] Collecting system info
2024-02-29 17:00:34,597 INFO    SystemMonitor:2856 [interfaces.py:start():187] Started cpu monitoring
2024-02-29 17:00:34,597 INFO    SystemMonitor:2856 [interfaces.py:start():187] Started disk monitoring
2024-02-29 17:00:34,597 INFO    SystemMonitor:2856 [interfaces.py:start():187] Started gpu monitoring
2024-02-29 17:00:34,603 INFO    SystemMonitor:2856 [interfaces.py:start():187] Started memory monitoring
2024-02-29 17:00:34,614 INFO    SystemMonitor:2856 [interfaces.py:start():187] Started network monitoring
2024-02-29 17:00:34,618 DEBUG   HandlerThread:2856 [system_info.py:probe():195] Probing system
2024-02-29 17:00:34,619 DEBUG   HandlerThread:2856 [system_info.py:_probe_git():180] Probing git
2024-02-29 17:00:34,684 DEBUG   HandlerThread:2856 [system_info.py:_probe_git():188] Probing git done
2024-02-29 17:00:34,684 DEBUG   HandlerThread:2856 [system_info.py:probe():240] Probing system done
2024-02-29 17:00:34,684 DEBUG   HandlerThread:2856 [system_monitor.py:probe():213] {'os': 'Windows-10-10.0.22631-SP0', 'python': '3.9.12', 'heartbeatAt': '2024-02-29T16:00:34.618063', 'startedAt': '2024-02-29T16:00:33.998910', 'docker': None, 'cuda': None, 'args': (), 'state': 'running', 'program': 'D:\\Study\\BP\\scripts\\sweep_training.py', 'codePath': 'scripts\\sweep_training.py', 'git': {'remote': 'https://github.com/FIIT-Bc-projects/2023-Kokin-Differential-Privacy.git', 'commit': '29c109dce8369e0a80636131c244b4bfaf3b5d02'}, 'email': 'xkokin@stuba.sk', 'root': 'D:/Study/BP', 'host': 'McLovin', 'username': 'glebk', 'executable': 'D:\\Study\\BP\\venv\\Scripts\\python.exe', 'cpu_count': 8, 'cpu_count_logical': 16, 'cpu_freq': {'current': 2555.0, 'min': 0.0, 'max': 3201.0}, 'cpu_freq_per_core': [{'current': 2555.0, 'min': 0.0, 'max': 3201.0}], 'disk': {'total': 781.2499961853027, 'used': 215.97682571411133}, 'gpu': 'NVIDIA GeForce RTX 3060 Laptop GPU', 'gpu_count': 1, 'gpu_devices': [{'name': 'NVIDIA GeForce RTX 3060 Laptop GPU', 'memory_total': 6442450944}], 'memory': {'total': 31.351802825927734}}
2024-02-29 17:00:34,684 INFO    HandlerThread:2856 [system_monitor.py:probe():214] Finished collecting system info
2024-02-29 17:00:34,684 INFO    HandlerThread:2856 [system_monitor.py:probe():217] Publishing system info
2024-02-29 17:00:34,684 DEBUG   HandlerThread:2856 [system_info.py:_save_pip():51] Saving list of pip packages installed into the current environment
2024-02-29 17:00:34,686 DEBUG   HandlerThread:2856 [system_info.py:_save_pip():67] Saving pip packages done
2024-02-29 17:00:34,686 INFO    HandlerThread:2856 [system_monitor.py:probe():219] Finished publishing system info
2024-02-29 17:00:34,695 DEBUG   SenderThread:2856 [sender.py:send():336] send: files
2024-02-29 17:00:34,695 INFO    SenderThread:2856 [sender.py:_save_file():1332] saving file wandb-metadata.json with policy now
2024-02-29 17:00:34,700 DEBUG   HandlerThread:2856 [handler.py:handle_request():144] handle_request: stop_status
2024-02-29 17:00:34,700 DEBUG   SenderThread:2856 [sender.py:send_request():363] send_request: stop_status
2024-02-29 17:00:34,944 DEBUG   SenderThread:2856 [sender.py:send():336] send: telemetry
2024-02-29 17:00:35,211 INFO    wandb-upload_0:2856 [upload_job.py:push():138] Uploaded file C:\Users\glebk\AppData\Local\Temp\tmp6haa2wgqwandb\zlf3jsdf-wandb-metadata.json
2024-02-29 17:00:35,507 INFO    Thread-17 :2856 [dir_watcher.py:_on_file_created():278] file/dir created: D:\Study\BP\wandb\run-20240229_170033-x1rmcfa2\files\wandb-metadata.json
2024-02-29 17:00:35,508 INFO    Thread-17 :2856 [dir_watcher.py:_on_file_created():278] file/dir created: D:\Study\BP\wandb\run-20240229_170033-x1rmcfa2\files\wandb-summary.json
2024-02-29 17:00:35,508 INFO    Thread-17 :2856 [dir_watcher.py:_on_file_created():278] file/dir created: D:\Study\BP\wandb\run-20240229_170033-x1rmcfa2\files\requirements.txt
2024-02-29 17:00:37,525 INFO    Thread-17 :2856 [dir_watcher.py:_on_file_created():278] file/dir created: D:\Study\BP\wandb\run-20240229_170033-x1rmcfa2\files\output.log
2024-02-29 17:00:39,227 DEBUG   HandlerThread:2856 [handler.py:handle_request():144] handle_request: status_report
2024-02-29 17:00:39,541 INFO    Thread-17 :2856 [dir_watcher.py:_on_file_modified():295] file/dir modified: D:\Study\BP\wandb\run-20240229_170033-x1rmcfa2\files\output.log
2024-02-29 17:00:41,568 INFO    Thread-17 :2856 [dir_watcher.py:_on_file_modified():295] file/dir modified: D:\Study\BP\wandb\run-20240229_170033-x1rmcfa2\files\output.log
2024-02-29 17:00:43,589 INFO    Thread-17 :2856 [dir_watcher.py:_on_file_modified():295] file/dir modified: D:\Study\BP\wandb\run-20240229_170033-x1rmcfa2\files\output.log
2024-02-29 17:00:44,226 DEBUG   HandlerThread:2856 [handler.py:handle_request():144] handle_request: status_report
2024-02-29 17:00:45,610 INFO    Thread-17 :2856 [dir_watcher.py:_on_file_modified():295] file/dir modified: D:\Study\BP\wandb\run-20240229_170033-x1rmcfa2\files\output.log
2024-02-29 17:00:47,628 INFO    Thread-17 :2856 [dir_watcher.py:_on_file_modified():295] file/dir modified: D:\Study\BP\wandb\run-20240229_170033-x1rmcfa2\files\output.log
2024-02-29 17:00:49,652 INFO    Thread-17 :2856 [dir_watcher.py:_on_file_modified():295] file/dir modified: D:\Study\BP\wandb\run-20240229_170033-x1rmcfa2\files\output.log
2024-02-29 17:00:49,715 DEBUG   HandlerThread:2856 [handler.py:handle_request():144] handle_request: stop_status
2024-02-29 17:00:49,716 DEBUG   HandlerThread:2856 [handler.py:handle_request():144] handle_request: status_report
2024-02-29 17:00:49,716 DEBUG   SenderThread:2856 [sender.py:send_request():363] send_request: stop_status
2024-02-29 17:00:54,763 DEBUG   HandlerThread:2856 [handler.py:handle_request():144] handle_request: keepalive
2024-02-29 17:00:59,808 DEBUG   HandlerThread:2856 [handler.py:handle_request():144] handle_request: keepalive
2024-02-29 17:01:09,906 DEBUG   HandlerThread:2856 [handler.py:handle_request():144] handle_request: keepalive
2024-02-29 17:01:14,950 DEBUG   HandlerThread:2856 [handler.py:handle_request():144] handle_request: keepalive
2024-02-29 17:01:20,013 DEBUG   HandlerThread:2856 [handler.py:handle_request():144] handle_request: keepalive
2024-02-29 17:01:23,185 INFO    SenderThread:2856 [retry.py:__call__():172] Retry attempt failed:
Traceback (most recent call last):
  File "D:\Study\BP\venv\lib\site-packages\urllib3\connectionpool.py", line 537, in _make_request
    response = conn.getresponse()
  File "D:\Study\BP\venv\lib\site-packages\urllib3\connection.py", line 466, in getresponse
    httplib_response = super().getresponse()
  File "D:\IT\Python\Python3912\lib\http\client.py", line 1377, in getresponse
    response.begin()
  File "D:\IT\Python\Python3912\lib\http\client.py", line 320, in begin
    version, status, reason = self._read_status()
  File "D:\IT\Python\Python3912\lib\http\client.py", line 281, in _read_status
    line = str(self.fp.readline(_MAXLINE + 1), "iso-8859-1")
  File "D:\IT\Python\Python3912\lib\socket.py", line 704, in readinto
    return self._sock.recv_into(b)
  File "D:\IT\Python\Python3912\lib\ssl.py", line 1241, in recv_into
    return self.read(nbytes, buffer)
  File "D:\IT\Python\Python3912\lib\ssl.py", line 1099, in read
    return self._sslobj.read(len, buffer)
socket.timeout: The read operation timed out

The above exception was the direct cause of the following exception:

Traceback (most recent call last):
  File "D:\Study\BP\venv\lib\site-packages\requests\adapters.py", line 486, in send
    resp = conn.urlopen(
  File "D:\Study\BP\venv\lib\site-packages\urllib3\connectionpool.py", line 847, in urlopen
    retries = retries.increment(
  File "D:\Study\BP\venv\lib\site-packages\urllib3\util\retry.py", line 470, in increment
    raise reraise(type(error), error, _stacktrace)
  File "D:\Study\BP\venv\lib\site-packages\urllib3\util\util.py", line 39, in reraise
    raise value
  File "D:\Study\BP\venv\lib\site-packages\urllib3\connectionpool.py", line 793, in urlopen
    response = self._make_request(
  File "D:\Study\BP\venv\lib\site-packages\urllib3\connectionpool.py", line 539, in _make_request
    self._raise_timeout(err=e, url=url, timeout_value=read_timeout)
  File "D:\Study\BP\venv\lib\site-packages\urllib3\connectionpool.py", line 370, in _raise_timeout
    raise ReadTimeoutError(
urllib3.exceptions.ReadTimeoutError: HTTPSConnectionPool(host='api.wandb.ai', port=443): Read timed out. (read timeout=10)

During handling of the above exception, another exception occurred:

Traceback (most recent call last):
  File "D:\Study\BP\venv\lib\site-packages\wandb\sdk\lib\retry.py", line 131, in __call__
    result = self._call_fn(*args, **kwargs)
  File "D:\Study\BP\venv\lib\site-packages\wandb\sdk\internal\internal_api.py", line 243, in execute
    return self.client.execute(*args, **kwargs)  # type: ignore
  File "D:\Study\BP\venv\lib\site-packages\wandb\vendor\gql-0.2.0\wandb_gql\client.py", line 52, in execute
    result = self._get_result(document, *args, **kwargs)
  File "D:\Study\BP\venv\lib\site-packages\wandb\vendor\gql-0.2.0\wandb_gql\client.py", line 60, in _get_result
    return self.transport.execute(document, *args, **kwargs)
  File "D:\Study\BP\venv\lib\site-packages\wandb\vendor\gql-0.2.0\wandb_gql\transport\requests.py", line 38, in execute
    request = requests.post(self.url, **post_args)
  File "D:\Study\BP\venv\lib\site-packages\requests\api.py", line 115, in post
    return request("post", url, data=data, json=json, **kwargs)
  File "D:\Study\BP\venv\lib\site-packages\requests\api.py", line 59, in request
    return session.request(method=method, url=url, **kwargs)
  File "D:\Study\BP\venv\lib\site-packages\requests\sessions.py", line 589, in request
    resp = self.send(prep, **send_kwargs)
  File "D:\Study\BP\venv\lib\site-packages\requests\sessions.py", line 703, in send
    r = adapter.send(request, **kwargs)
  File "D:\Study\BP\venv\lib\site-packages\requests\adapters.py", line 532, in send
    raise ReadTimeout(e, request=request)
requests.exceptions.ReadTimeout: HTTPSConnectionPool(host='api.wandb.ai', port=443): Read timed out. (read timeout=10)
2024-02-29 17:01:25,051 DEBUG   HandlerThread:2856 [handler.py:handle_request():144] handle_request: keepalive
2024-02-29 17:01:30,088 DEBUG   HandlerThread:2856 [handler.py:handle_request():144] handle_request: keepalive
2024-02-29 17:01:32,574 DEBUG   HandlerThread:2856 [handler.py:handle_request():144] handle_request: status_report
2024-02-29 17:01:34,628 DEBUG   SystemMonitor:2856 [system_monitor.py:_start():161] Starting system metrics aggregation loop
2024-02-29 17:01:34,628 DEBUG   SenderThread:2856 [sender.py:send():336] send: stats
2024-02-29 17:01:35,065 INFO    Thread-17 :2856 [dir_watcher.py:_on_file_modified():295] file/dir modified: D:\Study\BP\wandb\run-20240229_170033-x1rmcfa2\files\config.yaml
2024-02-29 17:01:35,145 DEBUG   HandlerThread:2856 [handler.py:handle_request():144] handle_request: keepalive
2024-02-29 17:01:36,079 INFO    Thread-17 :2856 [dir_watcher.py:_on_file_modified():295] file/dir modified: D:\Study\BP\wandb\run-20240229_170033-x1rmcfa2\files\output.log
2024-02-29 17:01:38,105 INFO    Thread-17 :2856 [dir_watcher.py:_on_file_modified():295] file/dir modified: D:\Study\BP\wandb\run-20240229_170033-x1rmcfa2\files\output.log
2024-02-29 17:01:40,122 DEBUG   HandlerThread:2856 [handler.py:handle_request():144] handle_request: status_report
2024-02-29 17:01:40,122 INFO    Thread-17 :2856 [dir_watcher.py:_on_file_modified():295] file/dir modified: D:\Study\BP\wandb\run-20240229_170033-x1rmcfa2\files\output.log
2024-02-29 17:01:40,199 DEBUG   HandlerThread:2856 [handler.py:handle_request():144] handle_request: keepalive
2024-02-29 17:01:42,148 INFO    Thread-17 :2856 [dir_watcher.py:_on_file_modified():295] file/dir modified: D:\Study\BP\wandb\run-20240229_170033-x1rmcfa2\files\output.log
2024-02-29 17:01:44,170 INFO    Thread-17 :2856 [dir_watcher.py:_on_file_modified():295] file/dir modified: D:\Study\BP\wandb\run-20240229_170033-x1rmcfa2\files\output.log
2024-02-29 17:01:45,161 DEBUG   HandlerThread:2856 [handler.py:handle_request():144] handle_request: status_report
2024-02-29 17:01:45,265 DEBUG   HandlerThread:2856 [handler.py:handle_request():144] handle_request: keepalive
2024-02-29 17:01:46,191 INFO    Thread-17 :2856 [dir_watcher.py:_on_file_modified():295] file/dir modified: D:\Study\BP\wandb\run-20240229_170033-x1rmcfa2\files\output.log
2024-02-29 17:01:48,214 INFO    Thread-17 :2856 [dir_watcher.py:_on_file_modified():295] file/dir modified: D:\Study\BP\wandb\run-20240229_170033-x1rmcfa2\files\output.log
2024-02-29 17:01:50,210 DEBUG   HandlerThread:2856 [handler.py:handle_request():144] handle_request: status_report
2024-02-29 17:01:50,235 INFO    Thread-17 :2856 [dir_watcher.py:_on_file_modified():295] file/dir modified: D:\Study\BP\wandb\run-20240229_170033-x1rmcfa2\files\output.log
2024-02-29 17:01:50,311 DEBUG   HandlerThread:2856 [handler.py:handle_request():144] handle_request: keepalive
2024-02-29 17:01:52,250 INFO    Thread-17 :2856 [dir_watcher.py:_on_file_modified():295] file/dir modified: D:\Study\BP\wandb\run-20240229_170033-x1rmcfa2\files\output.log
2024-02-29 17:01:53,351 DEBUG   HandlerThread:2856 [handler.py:handle_request():144] handle_request: partial_history
2024-02-29 17:01:53,351 DEBUG   HandlerThread:2856 [handler.py:handle_request():144] handle_request: partial_history
2024-02-29 17:01:53,352 DEBUG   HandlerThread:2856 [handler.py:handle_request():144] handle_request: partial_history
2024-02-29 17:01:53,352 DEBUG   HandlerThread:2856 [handler.py:handle_request():144] handle_request: partial_history
2024-02-29 17:01:53,353 DEBUG   SenderThread:2856 [sender.py:send():336] send: history
2024-02-29 17:01:53,353 DEBUG   HandlerThread:2856 [handler.py:handle_request():144] handle_request: partial_history
2024-02-29 17:01:53,353 DEBUG   SenderThread:2856 [sender.py:send_request():363] send_request: summary_record
2024-02-29 17:01:53,353 DEBUG   HandlerThread:2856 [handler.py:handle_request():144] handle_request: partial_history
2024-02-29 17:01:53,354 INFO    SenderThread:2856 [sender.py:_save_file():1332] saving file wandb-summary.json with policy end
2024-02-29 17:01:53,355 DEBUG   SenderThread:2856 [sender.py:send():336] send: history
2024-02-29 17:01:53,355 DEBUG   SenderThread:2856 [sender.py:send_request():363] send_request: summary_record
2024-02-29 17:01:53,355 INFO    SenderThread:2856 [sender.py:_save_file():1332] saving file wandb-summary.json with policy end
2024-02-29 17:01:53,356 DEBUG   SenderThread:2856 [sender.py:send():336] send: history
2024-02-29 17:01:53,356 DEBUG   SenderThread:2856 [sender.py:send_request():363] send_request: summary_record
2024-02-29 17:01:53,356 INFO    SenderThread:2856 [sender.py:_save_file():1332] saving file wandb-summary.json with policy end
2024-02-29 17:01:53,356 DEBUG   SenderThread:2856 [sender.py:send():336] send: history
2024-02-29 17:01:53,356 DEBUG   SenderThread:2856 [sender.py:send_request():363] send_request: summary_record
2024-02-29 17:01:53,357 INFO    SenderThread:2856 [sender.py:_save_file():1332] saving file wandb-summary.json with policy end
2024-02-29 17:01:53,357 DEBUG   SenderThread:2856 [sender.py:send():336] send: history
2024-02-29 17:01:53,357 DEBUG   SenderThread:2856 [sender.py:send_request():363] send_request: summary_record
2024-02-29 17:01:53,358 INFO    SenderThread:2856 [sender.py:_save_file():1332] saving file wandb-summary.json with policy end
2024-02-29 17:01:53,358 DEBUG   SenderThread:2856 [sender.py:send():336] send: history
2024-02-29 17:01:53,358 DEBUG   SenderThread:2856 [sender.py:send_request():363] send_request: summary_record
2024-02-29 17:01:53,358 INFO    SenderThread:2856 [sender.py:_save_file():1332] saving file wandb-summary.json with policy end
2024-02-29 17:01:53,359 DEBUG   SenderThread:2856 [sender.py:send():336] send: telemetry
2024-02-29 17:01:53,359 DEBUG   SenderThread:2856 [sender.py:send():336] send: exit
2024-02-29 17:01:53,359 INFO    SenderThread:2856 [sender.py:send_exit():559] handling exit code: 0
2024-02-29 17:01:53,359 INFO    SenderThread:2856 [sender.py:send_exit():561] handling runtime: 78
2024-02-29 17:01:53,359 INFO    SenderThread:2856 [sender.py:_save_file():1332] saving file wandb-summary.json with policy end
2024-02-29 17:01:53,360 INFO    SenderThread:2856 [sender.py:send_exit():567] send defer
2024-02-29 17:01:53,360 DEBUG   HandlerThread:2856 [handler.py:handle_request():144] handle_request: defer
2024-02-29 17:01:53,360 INFO    HandlerThread:2856 [handler.py:handle_request_defer():170] handle defer: 0
2024-02-29 17:01:53,360 DEBUG   SenderThread:2856 [sender.py:send_request():363] send_request: defer
2024-02-29 17:01:53,360 INFO    SenderThread:2856 [sender.py:send_request_defer():583] handle sender defer: 0
2024-02-29 17:01:53,360 INFO    SenderThread:2856 [sender.py:transition_state():587] send defer: 1
2024-02-29 17:01:53,360 DEBUG   HandlerThread:2856 [handler.py:handle_request():144] handle_request: defer
2024-02-29 17:01:53,360 INFO    HandlerThread:2856 [handler.py:handle_request_defer():170] handle defer: 1
2024-02-29 17:01:53,360 DEBUG   SenderThread:2856 [sender.py:send_request():363] send_request: defer
2024-02-29 17:01:53,360 INFO    SenderThread:2856 [sender.py:send_request_defer():583] handle sender defer: 1
2024-02-29 17:01:53,360 INFO    SenderThread:2856 [sender.py:transition_state():587] send defer: 2
2024-02-29 17:01:53,361 DEBUG   HandlerThread:2856 [handler.py:handle_request():144] handle_request: defer
2024-02-29 17:01:53,361 INFO    HandlerThread:2856 [handler.py:handle_request_defer():170] handle defer: 2
2024-02-29 17:01:53,361 INFO    HandlerThread:2856 [system_monitor.py:finish():193] Stopping system monitor
2024-02-29 17:01:53,361 DEBUG   SystemMonitor:2856 [system_monitor.py:_start():168] Finished system metrics aggregation loop
2024-02-29 17:01:53,361 DEBUG   SystemMonitor:2856 [system_monitor.py:_start():172] Publishing last batch of metrics
2024-02-29 17:01:53,367 INFO    HandlerThread:2856 [interfaces.py:finish():199] Joined cpu monitor
2024-02-29 17:01:53,368 INFO    HandlerThread:2856 [interfaces.py:finish():199] Joined disk monitor
2024-02-29 17:01:53,394 INFO    HandlerThread:2856 [interfaces.py:finish():199] Joined gpu monitor
2024-02-29 17:01:53,394 INFO    HandlerThread:2856 [interfaces.py:finish():199] Joined memory monitor
2024-02-29 17:01:53,395 INFO    HandlerThread:2856 [interfaces.py:finish():199] Joined network monitor
2024-02-29 17:01:53,395 DEBUG   SenderThread:2856 [sender.py:send_request():363] send_request: defer
2024-02-29 17:01:53,395 INFO    SenderThread:2856 [sender.py:send_request_defer():583] handle sender defer: 2
2024-02-29 17:01:53,395 INFO    SenderThread:2856 [sender.py:transition_state():587] send defer: 3
2024-02-29 17:01:53,395 DEBUG   SenderThread:2856 [sender.py:send():336] send: stats
2024-02-29 17:01:53,395 DEBUG   HandlerThread:2856 [handler.py:handle_request():144] handle_request: defer
2024-02-29 17:01:53,396 INFO    HandlerThread:2856 [handler.py:handle_request_defer():170] handle defer: 3
2024-02-29 17:01:53,396 DEBUG   SenderThread:2856 [sender.py:send_request():363] send_request: defer
2024-02-29 17:01:53,396 INFO    SenderThread:2856 [sender.py:send_request_defer():583] handle sender defer: 3
2024-02-29 17:01:53,396 INFO    SenderThread:2856 [sender.py:transition_state():587] send defer: 4
2024-02-29 17:01:53,396 DEBUG   HandlerThread:2856 [handler.py:handle_request():144] handle_request: defer
2024-02-29 17:01:53,396 INFO    HandlerThread:2856 [handler.py:handle_request_defer():170] handle defer: 4
2024-02-29 17:01:53,396 DEBUG   SenderThread:2856 [sender.py:send_request():363] send_request: defer
2024-02-29 17:01:53,396 INFO    SenderThread:2856 [sender.py:send_request_defer():583] handle sender defer: 4
2024-02-29 17:01:53,396 INFO    SenderThread:2856 [sender.py:transition_state():587] send defer: 5
2024-02-29 17:01:53,396 DEBUG   HandlerThread:2856 [handler.py:handle_request():144] handle_request: defer
2024-02-29 17:01:53,396 INFO    HandlerThread:2856 [handler.py:handle_request_defer():170] handle defer: 5
2024-02-29 17:01:53,397 DEBUG   SenderThread:2856 [sender.py:send():336] send: summary
2024-02-29 17:01:53,397 INFO    SenderThread:2856 [sender.py:_save_file():1332] saving file wandb-summary.json with policy end
2024-02-29 17:01:53,397 DEBUG   SenderThread:2856 [sender.py:send_request():363] send_request: defer
2024-02-29 17:01:53,397 INFO    SenderThread:2856 [sender.py:send_request_defer():583] handle sender defer: 5
2024-02-29 17:01:53,397 INFO    SenderThread:2856 [sender.py:transition_state():587] send defer: 6
2024-02-29 17:01:53,398 DEBUG   HandlerThread:2856 [handler.py:handle_request():144] handle_request: defer
2024-02-29 17:01:53,398 INFO    HandlerThread:2856 [handler.py:handle_request_defer():170] handle defer: 6
2024-02-29 17:01:53,398 DEBUG   SenderThread:2856 [sender.py:send_request():363] send_request: defer
2024-02-29 17:01:53,398 INFO    SenderThread:2856 [sender.py:send_request_defer():583] handle sender defer: 6
2024-02-29 17:01:53,400 DEBUG   HandlerThread:2856 [handler.py:handle_request():144] handle_request: status_report
2024-02-29 17:01:53,627 INFO    SenderThread:2856 [sender.py:transition_state():587] send defer: 7
2024-02-29 17:01:53,627 DEBUG   HandlerThread:2856 [handler.py:handle_request():144] handle_request: defer
2024-02-29 17:01:53,627 INFO    HandlerThread:2856 [handler.py:handle_request_defer():170] handle defer: 7
2024-02-29 17:01:53,627 DEBUG   SenderThread:2856 [sender.py:send_request():363] send_request: defer
2024-02-29 17:01:53,627 INFO    SenderThread:2856 [sender.py:send_request_defer():583] handle sender defer: 7
2024-02-29 17:01:54,273 INFO    Thread-17 :2856 [dir_watcher.py:_on_file_modified():295] file/dir modified: D:\Study\BP\wandb\run-20240229_170033-x1rmcfa2\files\config.yaml
2024-02-29 17:01:54,273 INFO    Thread-17 :2856 [dir_watcher.py:_on_file_modified():295] file/dir modified: D:\Study\BP\wandb\run-20240229_170033-x1rmcfa2\files\wandb-summary.json
2024-02-29 17:01:54,349 DEBUG   HandlerThread:2856 [handler.py:handle_request():144] handle_request: poll_exit
2024-02-29 17:01:55,538 INFO    SenderThread:2856 [sender.py:transition_state():587] send defer: 8
2024-02-29 17:01:55,538 DEBUG   SenderThread:2856 [sender.py:send_request():363] send_request: poll_exit
2024-02-29 17:01:55,538 DEBUG   HandlerThread:2856 [handler.py:handle_request():144] handle_request: defer
2024-02-29 17:01:55,538 INFO    HandlerThread:2856 [handler.py:handle_request_defer():170] handle defer: 8
2024-02-29 17:01:55,538 DEBUG   SenderThread:2856 [sender.py:send_request():363] send_request: defer
2024-02-29 17:01:55,538 INFO    SenderThread:2856 [sender.py:send_request_defer():583] handle sender defer: 8
2024-02-29 17:01:55,539 INFO    SenderThread:2856 [sender.py:transition_state():587] send defer: 9
2024-02-29 17:01:55,539 DEBUG   HandlerThread:2856 [handler.py:handle_request():144] handle_request: defer
2024-02-29 17:01:55,539 INFO    HandlerThread:2856 [handler.py:handle_request_defer():170] handle defer: 9
2024-02-29 17:01:55,539 DEBUG   SenderThread:2856 [sender.py:send_request():363] send_request: defer
2024-02-29 17:01:55,539 INFO    SenderThread:2856 [sender.py:send_request_defer():583] handle sender defer: 9
2024-02-29 17:01:55,539 INFO    SenderThread:2856 [dir_watcher.py:finish():365] shutting down directory watcher
2024-02-29 17:01:56,295 INFO    SenderThread:2856 [dir_watcher.py:_on_file_modified():295] file/dir modified: D:\Study\BP\wandb\run-20240229_170033-x1rmcfa2\files\output.log
2024-02-29 17:01:56,295 INFO    SenderThread:2856 [dir_watcher.py:finish():395] scan: D:\Study\BP\wandb\run-20240229_170033-x1rmcfa2\files
2024-02-29 17:01:56,295 INFO    SenderThread:2856 [dir_watcher.py:finish():409] scan save: D:\Study\BP\wandb\run-20240229_170033-x1rmcfa2\files\config.yaml config.yaml
2024-02-29 17:01:56,296 INFO    SenderThread:2856 [dir_watcher.py:finish():409] scan save: D:\Study\BP\wandb\run-20240229_170033-x1rmcfa2\files\output.log output.log
2024-02-29 17:01:56,299 INFO    SenderThread:2856 [dir_watcher.py:finish():409] scan save: D:\Study\BP\wandb\run-20240229_170033-x1rmcfa2\files\requirements.txt requirements.txt
2024-02-29 17:01:56,300 INFO    SenderThread:2856 [dir_watcher.py:finish():409] scan save: D:\Study\BP\wandb\run-20240229_170033-x1rmcfa2\files\wandb-metadata.json wandb-metadata.json
2024-02-29 17:01:56,301 INFO    SenderThread:2856 [dir_watcher.py:finish():409] scan save: D:\Study\BP\wandb\run-20240229_170033-x1rmcfa2\files\wandb-summary.json wandb-summary.json
2024-02-29 17:01:56,303 INFO    SenderThread:2856 [sender.py:transition_state():587] send defer: 10
2024-02-29 17:01:56,303 DEBUG   HandlerThread:2856 [handler.py:handle_request():144] handle_request: defer
2024-02-29 17:01:56,304 INFO    HandlerThread:2856 [handler.py:handle_request_defer():170] handle defer: 10
2024-02-29 17:01:56,306 DEBUG   SenderThread:2856 [sender.py:send_request():363] send_request: defer
2024-02-29 17:01:56,306 INFO    SenderThread:2856 [sender.py:send_request_defer():583] handle sender defer: 10
2024-02-29 17:01:56,306 INFO    SenderThread:2856 [file_pusher.py:finish():164] shutting down file pusher
2024-02-29 17:01:56,844 INFO    wandb-upload_3:2856 [upload_job.py:push():138] Uploaded file D:\Study\BP\wandb\run-20240229_170033-x1rmcfa2\files\wandb-summary.json
2024-02-29 17:01:56,856 INFO    wandb-upload_2:2856 [upload_job.py:push():138] Uploaded file D:\Study\BP\wandb\run-20240229_170033-x1rmcfa2\files\requirements.txt
2024-02-29 17:01:56,871 INFO    wandb-upload_0:2856 [upload_job.py:push():138] Uploaded file D:\Study\BP\wandb\run-20240229_170033-x1rmcfa2\files\config.yaml
2024-02-29 17:01:56,892 INFO    wandb-upload_1:2856 [upload_job.py:push():138] Uploaded file D:\Study\BP\wandb\run-20240229_170033-x1rmcfa2\files\output.log
2024-02-29 17:01:57,098 INFO    Thread-16 :2856 [sender.py:transition_state():587] send defer: 11
2024-02-29 17:01:57,098 DEBUG   HandlerThread:2856 [handler.py:handle_request():144] handle_request: defer
2024-02-29 17:01:57,099 INFO    HandlerThread:2856 [handler.py:handle_request_defer():170] handle defer: 11
2024-02-29 17:01:57,099 DEBUG   SenderThread:2856 [sender.py:send_request():363] send_request: defer
2024-02-29 17:01:57,099 INFO    SenderThread:2856 [sender.py:send_request_defer():583] handle sender defer: 11
2024-02-29 17:01:57,099 INFO    SenderThread:2856 [file_pusher.py:join():169] waiting for file pusher
2024-02-29 17:01:57,099 INFO    SenderThread:2856 [sender.py:transition_state():587] send defer: 12
2024-02-29 17:01:57,099 DEBUG   HandlerThread:2856 [handler.py:handle_request():144] handle_request: defer
2024-02-29 17:01:57,099 INFO    HandlerThread:2856 [handler.py:handle_request_defer():170] handle defer: 12
2024-02-29 17:01:57,100 DEBUG   SenderThread:2856 [sender.py:send_request():363] send_request: defer
2024-02-29 17:01:57,100 INFO    SenderThread:2856 [sender.py:send_request_defer():583] handle sender defer: 12
2024-02-29 17:01:57,255 INFO    SenderThread:2856 [sender.py:transition_state():587] send defer: 13
2024-02-29 17:01:57,256 DEBUG   HandlerThread:2856 [handler.py:handle_request():144] handle_request: defer
2024-02-29 17:01:57,256 INFO    HandlerThread:2856 [handler.py:handle_request_defer():170] handle defer: 13
2024-02-29 17:01:57,256 DEBUG   SenderThread:2856 [sender.py:send_request():363] send_request: defer
2024-02-29 17:01:57,256 INFO    SenderThread:2856 [sender.py:send_request_defer():583] handle sender defer: 13
2024-02-29 17:01:57,256 INFO    SenderThread:2856 [sender.py:transition_state():587] send defer: 14
2024-02-29 17:01:57,256 DEBUG   HandlerThread:2856 [handler.py:handle_request():144] handle_request: defer
2024-02-29 17:01:57,256 DEBUG   SenderThread:2856 [sender.py:send():336] send: final
2024-02-29 17:01:57,256 INFO    HandlerThread:2856 [handler.py:handle_request_defer():170] handle defer: 14
2024-02-29 17:01:57,257 DEBUG   SenderThread:2856 [sender.py:send():336] send: footer
2024-02-29 17:01:57,257 DEBUG   SenderThread:2856 [sender.py:send_request():363] send_request: defer
2024-02-29 17:01:57,257 INFO    SenderThread:2856 [sender.py:send_request_defer():583] handle sender defer: 14
2024-02-29 17:01:57,258 DEBUG   HandlerThread:2856 [handler.py:handle_request():144] handle_request: poll_exit
2024-02-29 17:01:57,258 DEBUG   HandlerThread:2856 [handler.py:handle_request():144] handle_request: server_info
2024-02-29 17:01:57,258 DEBUG   HandlerThread:2856 [handler.py:handle_request():144] handle_request: get_summary
2024-02-29 17:01:57,258 DEBUG   SenderThread:2856 [sender.py:send_request():363] send_request: poll_exit
2024-02-29 17:01:57,258 DEBUG   HandlerThread:2856 [handler.py:handle_request():144] handle_request: sampled_history
2024-02-29 17:01:57,259 DEBUG   SenderThread:2856 [sender.py:send_request():363] send_request: server_info
2024-02-29 17:01:57,629 DEBUG   HandlerThread:2856 [handler.py:handle_request():144] handle_request: shutdown
2024-02-29 17:01:57,630 INFO    HandlerThread:2856 [handler.py:finish():842] shutting down handler
2024-02-29 17:01:58,264 INFO    WriterThread:2856 [datastore.py:close():298] close: D:\Study\BP\wandb\run-20240229_170033-x1rmcfa2\run-x1rmcfa2.wandb
2024-02-29 17:01:58,638 INFO    SenderThread:2856 [sender.py:finish():1504] shutting down sender
2024-02-29 17:01:58,638 INFO    SenderThread:2856 [file_pusher.py:finish():164] shutting down file pusher
2024-02-29 17:01:58,638 INFO    SenderThread:2856 [file_pusher.py:join():169] waiting for file pusher
